# JRE version: Java(TM) SE Runtime Environment (8.0_131-b11) (build 1.8.0_131-b11)
# Java VM: Java HotSpot(TM) 64-Bit Server VM (25.131-b11 mixed mode windows-amd64 compressed oops)
Heap:
 PSYoungGen      total 289792K, used 289792K [0x0000000780700000, 0x00000007a9500000, 0x00000007c0000000)
  eden space 147968K, 100% used [0x0000000780700000,0x0000000789780000,0x0000000789780000)
  from space 141824K, 100% used [0x0000000795b80000,0x000000079e600000,0x000000079e600000)
  to   space 200704K, 100% used [0x0000000789780000,0x0000000795b80000,0x0000000795b80000)
 ParOldGen       total 829952K, used 690304K [0x0000000701400000, 0x0000000733e80000, 0x0000000780700000)
  object space 829952K, 83% used [0x0000000701400000,0x000000072b6222a0,0x0000000733e80000)
 Metaspace       used 2875K, capacity 4486K, committed 4864K, reserved 1056768K
  class space    used 308K, capacity 386K, committed 512K, reserved 1048576K
GC Heap History (10 events):
Event: 3.951 GC heap after
Heap after GC invocations=5 (full 1):
 PSYoungGen      total 155136K, used 8192K [0x0000000780700000, 0x000000078d700000, 0x00000007c0000000)
  eden space 146944K, 0% used [0x0000000780700000,0x0000000780700000,0x0000000789680000)
  from space 8192K, 100% used [0x000000078cf00000,0x000000078d700000,0x000000078d700000)
  to   space 8192K, 0% used [0x000000078c700000,0x000000078c700000,0x000000078cf00000)
 ParOldGen       total 278016K, used 227118K [0x0000000701400000, 0x0000000712380000, 0x0000000780700000)
  object space 278016K, 81% used [0x0000000701400000,0x000000070f1cbac0,0x0000000712380000)
 Metaspace       used 2875K, capacity 4486K, committed 4864K, reserved 1056768K
  class space    used 308K, capacity 386K, committed 512K, reserved 1048576K
}
Event: 3.951 GC heap before
{Heap before GC invocations=6 (full 2):
 PSYoungGen      total 155136K, used 8192K [0x0000000780700000, 0x000000078d700000, 0x00000007c0000000)
  eden space 146944K, 0% used [0x0000000780700000,0x0000000780700000,0x0000000789680000)
  from space 8192K, 100% used [0x000000078cf00000,0x000000078d700000,0x000000078d700000)
  to   space 8192K, 0% used [0x000000078c700000,0x000000078c700000,0x000000078cf00000)
 ParOldGen       total 278016K, used 227118K [0x0000000701400000, 0x0000000712380000, 0x0000000780700000)
  object space 278016K, 81% used [0x0000000701400000,0x000000070f1cbac0,0x0000000712380000)
 Metaspace       used 2875K, capacity 4486K, committed 4864K, reserved 1056768K
  class space    used 308K, capacity 386K, committed 512K, reserved 1048576K
Event: 6.167 GC heap after
Heap after GC invocations=6 (full 2):
 PSYoungGen      total 155136K, used 0K [0x0000000780700000, 0x000000078d700000, 0x00000007c0000000)
  eden space 146944K, 0% used [0x0000000780700000,0x0000000780700000,0x0000000789680000)
  from space 8192K, 0% used [0x000000078cf00000,0x000000078cf00000,0x000000078d700000)
  to   space 8192K, 0% used [0x000000078c700000,0x000000078c700000,0x000000078cf00000)
 ParOldGen       total 430592K, used 211140K [0x0000000701400000, 0x000000071b880000, 0x0000000780700000)
  object space 430592K, 49% used [0x0000000701400000,0x000000070e231028,0x000000071b880000)
 Metaspace       used 2875K, capacity 4486K, committed 4864K, reserved 1056768K
  class space    used 308K, capacity 386K, committed 512K, reserved 1048576K
}
Event: 6.256 GC heap before
{Heap before GC invocations=7 (full 2):
 PSYoungGen      total 155136K, used 146944K [0x0000000780700000, 0x000000078d700000, 0x00000007c0000000)
  eden space 146944K, 100% used [0x0000000780700000,0x0000000789680000,0x0000000789680000)
  from space 8192K, 0% used [0x000000078cf00000,0x000000078cf00000,0x000000078d700000)
  to   space 8192K, 0% used [0x000000078c700000,0x000000078c700000,0x000000078cf00000)
 ParOldGen       total 430592K, used 211140K [0x0000000701400000, 0x000000071b880000, 0x0000000780700000)
  object space 430592K, 49% used [0x0000000701400000,0x000000070e231028,0x000000071b880000)
 Metaspace       used 2875K, capacity 4486K, committed 4864K, reserved 1056768K
  class space    used 308K, capacity 386K, committed 512K, reserved 1048576K
Event: 6.666 GC heap after
Heap after GC invocations=7 (full 2):
 PSYoungGen      total 204800K, used 8192K [0x0000000780700000, 0x000000079e600000, 0x00000007c0000000)
  eden space 196608K, 0% used [0x0000000780700000,0x0000000780700000,0x000000078c700000)
  from space 8192K, 100% used [0x000000078c700000,0x000000078cf00000,0x000000078cf00000)
  to   space 141824K, 0% used [0x0000000795b80000,0x0000000795b80000,0x000000079e600000)
 ParOldGen       total 430592K, used 350031K [0x0000000701400000, 0x000000071b880000, 0x0000000780700000)
  object space 430592K, 81% used [0x0000000701400000,0x00000007169d3ff0,0x000000071b880000)
 Metaspace       used 2875K, capacity 4486K, committed 4864K, reserved 1056768K
  class space    used 308K, capacity 386K, committed 512K, reserved 1048576K
}
Event: 6.666 GC heap before
{Heap before GC invocations=8 (full 3):
 PSYoungGen      total 204800K, used 8192K [0x0000000780700000, 0x000000079e600000, 0x00000007c0000000)
  eden space 196608K, 0% used [0x0000000780700000,0x0000000780700000,0x000000078c700000)
  from space 8192K, 100% used [0x000000078c700000,0x000000078cf00000,0x000000078cf00000)
  to   space 141824K, 0% used [0x0000000795b80000,0x0000000795b80000,0x000000079e600000)
 ParOldGen       total 430592K, used 350031K [0x0000000701400000, 0x000000071b880000, 0x0000000780700000)
  object space 430592K, 81% used [0x0000000701400000,0x00000007169d3ff0,0x000000071b880000)
 Metaspace       used 2875K, capacity 4486K, committed 4864K, reserved 1056768K
  class space    used 308K, capacity 386K, committed 512K, reserved 1048576K
Event: 9.964 GC heap after
Heap after GC invocations=8 (full 3):
 PSYoungGen      total 204800K, used 0K [0x0000000780700000, 0x000000079e600000, 0x00000007c0000000)
  eden space 196608K, 0% used [0x0000000780700000,0x0000000780700000,0x000000078c700000)
  from space 8192K, 0% used [0x000000078c700000,0x000000078c700000,0x000000078cf00000)
  to   space 141824K, 0% used [0x0000000795b80000,0x0000000795b80000,0x000000079e600000)
 ParOldGen       total 647168K, used 303945K [0x0000000701400000, 0x0000000728c00000, 0x0000000780700000)
  object space 647168K, 46% used [0x0000000701400000,0x0000000713cd27a0,0x0000000728c00000)
 Metaspace       used 2875K, capacity 4486K, committed 4864K, reserved 1056768K
  class space    used 308K, capacity 386K, committed 512K, reserved 1048576K
}
Event: 10.177 GC heap before
{Heap before GC invocations=9 (full 3):
 PSYoungGen      total 204800K, used 196608K [0x0000000780700000, 0x000000079e600000, 0x00000007c0000000)
  eden space 196608K, 100% used [0x0000000780700000,0x000000078c700000,0x000000078c700000)
  from space 8192K, 0% used [0x000000078c700000,0x000000078c700000,0x000000078cf00000)
  to   space 141824K, 0% used [0x0000000795b80000,0x0000000795b80000,0x000000079e600000)
 ParOldGen       total 647168K, used 425631K [0x0000000701400000, 0x0000000728c00000, 0x0000000780700000)
  object space 647168K, 65% used [0x0000000701400000,0x000000071b3a7f40,0x0000000728c00000)
 Metaspace       used 2875K, capacity 4486K, committed 4864K, reserved 1056768K
  class space    used 308K, capacity 386K, committed 512K, reserved 1048576K
Event: 11.237 GC heap after
Heap after GC invocations=9 (full 3):
 PSYoungGen      total 289792K, used 141824K [0x0000000780700000, 0x00000007a9500000, 0x00000007c0000000)
  eden space 147968K, 0% used [0x0000000780700000,0x0000000780700000,0x0000000789780000)
  from space 141824K, 100% used [0x0000000795b80000,0x000000079e600000,0x000000079e600000)
  to   space 200704K, 0% used [0x0000000789780000,0x0000000789780000,0x0000000795b80000)
 ParOldGen       total 647168K, used 480663K [0x0000000701400000, 0x0000000728c00000, 0x0000000780700000)
  object space 647168K, 74% used [0x0000000701400000,0x000000071e965f40,0x0000000728c00000)
 Metaspace       used 2875K, capacity 4486K, committed 4864K, reserved 1056768K
  class space    used 308K, capacity 386K, committed 512K, reserved 1048576K
}
Event: 11.460 GC heap before
{Heap before GC invocations=10 (full 3):
 PSYoungGen      total 289792K, used 289792K [0x0000000780700000, 0x00000007a9500000, 0x00000007c0000000)
  eden space 147968K, 100% used [0x0000000780700000,0x0000000789780000,0x0000000789780000)
  from space 141824K, 100% used [0x0000000795b80000,0x000000079e600000,0x000000079e600000)
  to   space 200704K, 0% used [0x0000000789780000,0x0000000789780000,0x0000000795b80000)
 ParOldGen       total 829952K, used 663192K [0x0000000701400000, 0x0000000733e80000, 0x0000000780700000)
  object space 829952K, 79% used [0x0000000701400000,0x0000000729ba62a0,0x0000000733e80000)
 Metaspace       used 2875K, capacity 4486K, committed 4864K, reserved 1056768K
  class space    used 308K, capacity 386K, committed 512K, reserved 1048576K

